"FreeRTOS Task Aware Debugger for GDB" version 11.1.0 (201912021734)
(c) 2016-2018 NXP Semiconductors, Inc.
==================================
19:09:41.569 INFO: [TadModel] DSF session ID 12 has started.
19:09:51.660 INFO: [TadModel] DSF session ID 13 has started.
19:09:55.142 INFO: [TadState] TAD state changed:  DEBUG_STARTED -> DEBUG_INIT_0 (SUSPENDED, USER_REQUEST)
19:09:55.252 INFO: [TadState] TAD state changed:  DEBUG_INIT_0 -> DEBUG_INIT_1 (SUSPENDED, USER_REQUEST)
19:10:02.812 INFO: [TadState] TAD state changed:  DEBUG_INIT_1 -> DEBUG_SUSPENDED (RESUMED, USER_REQUEST)
19:10:08.236 INFO: [TadState] TAD state changed:  DEBUG_SUSPENDED -> DEBUG_SUSPENDED (SUSPENDED, ERROR)
19:10:20.729 INFO: [TadState] TAD state changed:  DEBUG_SUSPENDED -> DEBUG_RESUMED (RESUMED, USER_REQUEST)
19:10:20.735 INFO: [TadState] TAD state changed:  DEBUG_RESUMED -> READY (SUSPENDED, ERROR)
19:10:23.634 INFO: [TadState] TAD state changed:  READY -> DEBUG_RESUMED (RESUMED, USER_REQUEST)
19:10:23.640 INFO: [TadState] TAD state changed:  DEBUG_RESUMED -> READY (SUSPENDED, ERROR)
19:10:24.509 INFO: [TadState] TAD state changed:  READY -> DEBUG_RESUMED (RESUMED, USER_REQUEST)
19:10:24.514 INFO: [TadState] TAD state changed:  DEBUG_RESUMED -> READY (SUSPENDED, ERROR)
19:10:25.240 INFO: [TadState] TAD state changed:  READY -> DEBUG_RESUMED (RESUMED, USER_REQUEST)
19:10:25.245 INFO: [TadState] TAD state changed:  DEBUG_RESUMED -> READY (SUSPENDED, ERROR)
19:10:26.09 INFO: [TadState] TAD state changed:  READY -> DEBUG_RESUMED (RESUMED, USER_REQUEST)
19:10:26.13 INFO: [TadState] TAD state changed:  DEBUG_RESUMED -> READY (SUSPENDED, ERROR)
19:10:33.417 INFO: [TadState] TAD state changed:  READY -> DEBUG_RESUMED (RESUMED, USER_REQUEST)
19:10:40.748 INFO: [TadModel] DSF session ID 12 has ended.
19:10:40.754 INFO: [TadModel] DSF session ID 13 has ended.
